<?xml version="1.0" encoding="UTF-8"?>
<!-- Generated by org.testng.reporters.JUnitXMLReporter -->
<testsuite ignored="0" hostname="PeymanPC" failures="0" tests="6" name="Default test" time="0.068" errors="0" timestamp="2020-10-13T14:57:45 EDT">
  <testcase classname="qaclickadademy.Mavenjava.RESTAPITest" name="deleteTwitter" time="0.008"/>
  <testcase classname="qaclickadademy.Mavenjava.RESTAPITest" name="postJira" time="0.001"/>
  <testcase classname="qaclickadademy.Mavenjava.AppiumTest" name="IOSApps" time="0.001"/>
  <testcase classname="qaclickadademy.Mavenjava.AppiumTest" name="NativeAppandroid" time="0.001"/>
  <testcase classname="qaclickadademy.Mavenjava.Seleniumtest" name="BrowserAutomation" time="0.001"/>
  <testcase classname="qaclickadademy.Mavenjava.Seleniumtest" name="elementsUi" time="0.001"/>
</testsuite> <!-- Default test -->
