<?xml version="1.0" encoding="UTF-8"?>
<testng-results ignored="0" total="6" passed="6" failed="0" skipped="0">
  <reporter-output>
  </reporter-output>
  <suite started-at="2020-10-13T14:57:45 EDT" name="Default suite" finished-at="2020-10-13T14:57:45 EDT" duration-ms="68">
    <groups>
    </groups>
    <test started-at="2020-10-13T14:57:45 EDT" name="Default test" finished-at="2020-10-13T14:57:45 EDT" duration-ms="68">
      <class name="qaclickadademy.Mavenjava.RESTAPITest">
        <test-method signature="deleteTwitter()[pri:0, instance:qaclickadademy.Mavenjava.RESTAPITest@7f010382]" started-at="2020-10-13T14:57:45 EDT" name="deleteTwitter" finished-at="2020-10-13T14:57:45 EDT" duration-ms="8" status="PASS">
          <reporter-output>
          </reporter-output>
        </test-method> <!-- deleteTwitter -->
        <test-method signature="postJira()[pri:0, instance:qaclickadademy.Mavenjava.RESTAPITest@7f010382]" started-at="2020-10-13T14:57:45 EDT" name="postJira" finished-at="2020-10-13T14:57:45 EDT" duration-ms="1" status="PASS">
          <reporter-output>
          </reporter-output>
        </test-method> <!-- postJira -->
      </class> <!-- qaclickadademy.Mavenjava.RESTAPITest -->
      <class name="qaclickadademy.Mavenjava.AppiumTest">
        <test-method signature="IOSApps()[pri:0, instance:qaclickadademy.Mavenjava.AppiumTest@1e802ef9]" started-at="2020-10-13T14:57:45 EDT" name="IOSApps" finished-at="2020-10-13T14:57:45 EDT" duration-ms="1" status="PASS">
          <reporter-output>
          </reporter-output>
        </test-method> <!-- IOSApps -->
        <test-method signature="NativeAppandroid()[pri:0, instance:qaclickadademy.Mavenjava.AppiumTest@1e802ef9]" started-at="2020-10-13T14:57:45 EDT" name="NativeAppandroid" finished-at="2020-10-13T14:57:45 EDT" duration-ms="1" status="PASS">
          <reporter-output>
          </reporter-output>
        </test-method> <!-- NativeAppandroid -->
      </class> <!-- qaclickadademy.Mavenjava.AppiumTest -->
      <class name="qaclickadademy.Mavenjava.Seleniumtest">
        <test-method signature="BrowserAutomation()[pri:0, instance:qaclickadademy.Mavenjava.Seleniumtest@2b6faea6]" started-at="2020-10-13T14:57:45 EDT" name="BrowserAutomation" finished-at="2020-10-13T14:57:45 EDT" duration-ms="1" status="PASS">
          <reporter-output>
          </reporter-output>
        </test-method> <!-- BrowserAutomation -->
        <test-method signature="elementsUi()[pri:0, instance:qaclickadademy.Mavenjava.Seleniumtest@2b6faea6]" started-at="2020-10-13T14:57:45 EDT" name="elementsUi" finished-at="2020-10-13T14:57:45 EDT" duration-ms="1" status="PASS">
          <reporter-output>
          </reporter-output>
        </test-method> <!-- elementsUi -->
      </class> <!-- qaclickadademy.Mavenjava.Seleniumtest -->
    </test> <!-- Default test -->
  </suite> <!-- Default suite -->
</testng-results>
